2020-11-01 16:30:33,318 INFO  com.nopcommerce.users.Level_13_Register_Login_Log_Report_HTML - Register - Step 01: Open home page
2020-11-01 16:30:33,325 INFO  com.nopcommerce.users.Level_13_Register_Login_Log_Report_HTML - Register - Step 01: verify register link displayed
2020-11-01 16:30:33,625 INFO  com.nopcommerce.users.Level_13_Register_Login_Log_Report_HTML -  -------------------------- PASSED -------------------------- 
2020-11-01 16:30:33,628 INFO  com.nopcommerce.users.Level_13_Register_Login_Log_Report_HTML - Register - Step 03: verify login link displayed
2020-11-01 16:30:33,975 INFO  com.nopcommerce.users.Level_13_Register_Login_Log_Report_HTML -  -------------------------- PASSED -------------------------- 
2020-11-01 16:30:33,978 INFO  com.nopcommerce.users.Level_13_Register_Login_Log_Report_HTML - Register - Step 04: Click to register link at home page
2020-11-01 16:30:35,684 INFO  com.nopcommerce.users.Level_13_Register_Login_Log_Report_HTML - Register - Step 05: Click to gender mal radio button
2020-11-01 16:30:36,110 INFO  com.nopcommerce.users.Level_13_Register_Login_Log_Report_HTML - Register - Step 06: input first name text box with value: Van
2020-11-01 16:30:36,261 INFO  com.nopcommerce.users.Level_13_Register_Login_Log_Report_HTML - Register - Step 07: input last name text box with value: Tran
2020-11-01 16:30:36,451 INFO  com.nopcommerce.users.Level_13_Register_Login_Log_Report_HTML - Register - Step 08: select day dropdown list
2020-11-01 16:30:36,856 INFO  com.nopcommerce.users.Level_13_Register_Login_Log_Report_HTML - Register - Step 09: select month dropdown list
2020-11-01 16:30:37,260 INFO  com.nopcommerce.users.Level_13_Register_Login_Log_Report_HTML - Register - Step 10: select year dropdown list
2020-11-01 16:30:37,618 INFO  com.nopcommerce.users.Level_13_Register_Login_Log_Report_HTML - Register - Step 11: input to email text box with value: Van.Tran783391@gmail.com
2020-11-01 16:30:37,766 INFO  com.nopcommerce.users.Level_13_Register_Login_Log_Report_HTML - Register - Step 12: input to company name text box with value: KITS
2020-11-01 16:30:37,878 INFO  com.nopcommerce.users.Level_13_Register_Login_Log_Report_HTML - Register - Step 13: input to password text box with value: 123?Abcd
2020-11-01 16:30:38,002 INFO  com.nopcommerce.users.Level_13_Register_Login_Log_Report_HTML - Register - Step 14: input to confirm password text box with value: 123?Abcd
2020-11-01 16:30:38,153 INFO  com.nopcommerce.users.Level_13_Register_Login_Log_Report_HTML - Register - Step 15: click to register link
2020-11-01 16:30:39,969 INFO  com.nopcommerce.users.Level_13_Register_Login_Log_Report_HTML - Register - Step 16: verify success message displayed
2020-11-01 16:30:40,057 INFO  com.nopcommerce.users.Level_13_Register_Login_Log_Report_HTML -  -------------------------- PASSED -------------------------- 
2020-11-01 16:30:40,057 INFO  com.nopcommerce.users.Level_13_Register_Login_Log_Report_HTML - Register - Step 17: click to logout link
2020-11-01 16:30:41,220 INFO  com.nopcommerce.users.Level_13_Register_Login_Log_Report_HTML - Login - Step 01: click to login link
2020-11-01 16:30:42,589 INFO  com.nopcommerce.users.Level_13_Register_Login_Log_Report_HTML - Login - Step 02: input to email text box with value: Van.Tran783391@gmail.com
2020-11-01 16:30:42,736 INFO  com.nopcommerce.users.Level_13_Register_Login_Log_Report_HTML - Login - Step 03: input to password text box with value: 123?Abcd
2020-11-01 16:30:42,899 INFO  com.nopcommerce.users.Level_13_Register_Login_Log_Report_HTML - Login - Step 04: click to login link
2020-11-01 16:30:45,335 INFO  com.nopcommerce.users.Level_13_Register_Login_Log_Report_HTML - Login - Step 05: verify my account link displayed
2020-11-01 16:30:45,495 INFO  com.nopcommerce.users.Level_13_Register_Login_Log_Report_HTML -  -------------------------- PASSED -------------------------- 
2020-11-01 16:30:45,495 INFO  com.nopcommerce.users.Level_13_Register_Login_Log_Report_HTML - Login - Step 06: verify logout link display
2020-11-01 16:30:45,590 INFO  com.nopcommerce.users.Level_13_Register_Login_Log_Report_HTML -  -------------------------- PASSED -------------------------- 
2020-11-01 16:30:45,591 INFO  com.nopcommerce.users.Level_13_Register_Login_Log_Report_HTML - Login - Step 07: verify register link undisplayed
2020-11-01 16:30:55,727 INFO  com.nopcommerce.users.Level_13_Register_Login_Log_Report_HTML -  -------------------------- PASSED -------------------------- 
2020-11-01 16:30:55,728 INFO  com.nopcommerce.users.Level_13_Register_Login_Log_Report_HTML - Login - Step 08: verify login link undisplayed
2020-11-01 16:31:05,866 INFO  com.nopcommerce.users.Level_13_Register_Login_Log_Report_HTML -  -------------------------- PASSED -------------------------- 
2020-11-01 16:31:15,826 INFO  com.nopcommerce.users.Level_13_Register_Login_Log_Report_HTML - Register - Step 01: Open home page
2020-11-01 16:31:15,826 INFO  com.nopcommerce.users.Level_13_Register_Login_Log_Report_HTML - Register - Step 01: verify register link displayed
2020-11-01 16:31:16,003 INFO  com.nopcommerce.users.Level_13_Register_Login_Log_Report_HTML -  -------------------------- PASSED -------------------------- 
2020-11-01 16:31:16,003 INFO  com.nopcommerce.users.Level_13_Register_Login_Log_Report_HTML - Register - Step 03: verify login link displayed
2020-11-01 16:31:16,114 INFO  com.nopcommerce.users.Level_13_Register_Login_Log_Report_HTML -  -------------------------- PASSED -------------------------- 
2020-11-01 16:31:16,114 INFO  com.nopcommerce.users.Level_13_Register_Login_Log_Report_HTML - Register - Step 04: Click to register link at home page
2020-11-01 16:31:18,542 INFO  com.nopcommerce.users.Level_13_Register_Login_Log_Report_HTML - Register - Step 05: Click to gender mal radio button
2020-11-01 16:31:19,274 INFO  com.nopcommerce.users.Level_13_Register_Login_Log_Report_HTML - Register - Step 06: input first name text box with value: Van
2020-11-01 16:31:20,463 INFO  com.nopcommerce.users.Level_13_Register_Login_Log_Report_HTML - Register - Step 07: input last name text box with value: Tran
2020-11-01 16:31:21,743 INFO  com.nopcommerce.users.Level_13_Register_Login_Log_Report_HTML - Register - Step 08: select day dropdown list
2020-11-01 16:31:22,112 INFO  com.nopcommerce.users.Level_13_Register_Login_Log_Report_HTML - Register - Step 09: select month dropdown list
2020-11-01 16:31:22,400 INFO  com.nopcommerce.users.Level_13_Register_Login_Log_Report_HTML - Register - Step 10: select year dropdown list
2020-11-01 16:31:22,637 INFO  com.nopcommerce.users.Level_13_Register_Login_Log_Report_HTML - Register - Step 11: input to email text box with value: Van.Tran186290@gmail.com
2020-11-01 16:31:23,458 INFO  com.nopcommerce.users.Level_13_Register_Login_Log_Report_HTML - Register - Step 12: input to company name text box with value: KITS
2020-11-01 16:31:24,212 INFO  com.nopcommerce.users.Level_13_Register_Login_Log_Report_HTML - Register - Step 13: input to password text box with value: 123?Abcd
2020-11-01 16:31:25,034 INFO  com.nopcommerce.users.Level_13_Register_Login_Log_Report_HTML - Register - Step 14: input to confirm password text box with value: 123?Abcd
2020-11-01 16:31:25,923 INFO  com.nopcommerce.users.Level_13_Register_Login_Log_Report_HTML - Register - Step 15: click to register link
2020-11-01 16:31:29,109 INFO  com.nopcommerce.users.Level_13_Register_Login_Log_Report_HTML - Register - Step 16: verify success message displayed
2020-11-01 16:31:29,255 INFO  com.nopcommerce.users.Level_13_Register_Login_Log_Report_HTML -  -------------------------- PASSED -------------------------- 
2020-11-01 16:31:29,256 INFO  com.nopcommerce.users.Level_13_Register_Login_Log_Report_HTML - Register - Step 17: click to logout link
2020-11-01 16:31:31,334 INFO  com.nopcommerce.users.Level_13_Register_Login_Log_Report_HTML - Login - Step 01: click to login link
2020-11-01 16:31:32,871 INFO  com.nopcommerce.users.Level_13_Register_Login_Log_Report_HTML - Login - Step 02: input to email text box with value: Van.Tran186290@gmail.com
2020-11-01 16:31:33,851 INFO  com.nopcommerce.users.Level_13_Register_Login_Log_Report_HTML - Login - Step 03: input to password text box with value: 123?Abcd
2020-11-01 16:31:34,783 INFO  com.nopcommerce.users.Level_13_Register_Login_Log_Report_HTML - Login - Step 04: click to login link
2020-11-01 16:31:37,985 INFO  com.nopcommerce.users.Level_13_Register_Login_Log_Report_HTML - Login - Step 05: verify my account link displayed
2020-11-01 16:31:38,097 INFO  com.nopcommerce.users.Level_13_Register_Login_Log_Report_HTML -  -------------------------- PASSED -------------------------- 
2020-11-01 16:31:38,097 INFO  com.nopcommerce.users.Level_13_Register_Login_Log_Report_HTML - Login - Step 06: verify logout link display
2020-11-01 16:31:38,201 INFO  com.nopcommerce.users.Level_13_Register_Login_Log_Report_HTML -  -------------------------- PASSED -------------------------- 
2020-11-01 16:31:38,201 INFO  com.nopcommerce.users.Level_13_Register_Login_Log_Report_HTML - Login - Step 07: verify register link undisplayed
2020-11-01 16:31:48,409 INFO  com.nopcommerce.users.Level_13_Register_Login_Log_Report_HTML -  -------------------------- PASSED -------------------------- 
2020-11-01 16:31:48,409 INFO  com.nopcommerce.users.Level_13_Register_Login_Log_Report_HTML - Login - Step 08: verify login link undisplayed
2020-11-01 16:31:58,599 INFO  com.nopcommerce.users.Level_13_Register_Login_Log_Report_HTML -  -------------------------- PASSED -------------------------- 
2020-11-08 17:00:56,676 INFO  com.nopcommerce.users.Level_12_Register_Login_Assert_Verify -  -------------------------- FAILED -------------------------- 
2020-11-08 17:00:56,824 INFO  com.nopcommerce.users.Level_12_Register_Login_Assert_Verify -  -------------------------- PASSED -------------------------- 
2020-11-08 17:01:03,291 INFO  com.nopcommerce.users.Level_12_Register_Login_Assert_Verify -  -------------------------- FAILED -------------------------- 
2020-11-08 17:01:07,818 INFO  com.nopcommerce.users.Level_12_Register_Login_Assert_Verify -  -------------------------- FAILED -------------------------- 
2020-11-08 17:01:07,972 INFO  com.nopcommerce.users.Level_12_Register_Login_Assert_Verify -  -------------------------- FAILED -------------------------- 
2020-11-08 17:01:18,147 INFO  com.nopcommerce.users.Level_12_Register_Login_Assert_Verify -  -------------------------- PASSED -------------------------- 
2020-11-08 17:01:28,276 INFO  com.nopcommerce.users.Level_12_Register_Login_Assert_Verify -  -------------------------- FAILED -------------------------- 
2020-11-08 17:55:33,967 INFO  com.nopcommerce.users.Level_13_Register_Login_Log_Report_HTML - Register - Step 01: Open home page
2020-11-08 17:55:33,980 INFO  com.nopcommerce.users.Level_13_Register_Login_Log_Report_HTML - Register - Step 01: verify register link displayed
2020-11-08 17:55:34,139 INFO  com.nopcommerce.users.Level_13_Register_Login_Log_Report_HTML -  -------------------------- PASSED -------------------------- 
2020-11-08 17:55:34,140 INFO  com.nopcommerce.users.Level_13_Register_Login_Log_Report_HTML - Register - Step 03: verify login link displayed
2020-11-08 17:55:34,248 INFO  com.nopcommerce.users.Level_13_Register_Login_Log_Report_HTML -  -------------------------- PASSED -------------------------- 
2020-11-08 17:55:34,248 INFO  com.nopcommerce.users.Level_13_Register_Login_Log_Report_HTML - Register - Step 04: Click to register link at home page
2020-11-08 17:55:37,203 INFO  com.nopcommerce.users.Level_13_Register_Login_Log_Report_HTML - Register - Step 05: Click to gender mal radio button
2020-11-08 17:55:37,516 INFO  com.nopcommerce.users.Level_13_Register_Login_Log_Report_HTML - Register - Step 06: input first name text box with value: Van
2020-11-08 17:55:37,632 INFO  com.nopcommerce.users.Level_13_Register_Login_Log_Report_HTML - Register - Step 07: input last name text box with value: Tran
2020-11-08 17:55:37,809 INFO  com.nopcommerce.users.Level_13_Register_Login_Log_Report_HTML - Register - Step 08: select day dropdown list
2020-11-08 17:55:38,164 INFO  com.nopcommerce.users.Level_13_Register_Login_Log_Report_HTML - Register - Step 09: select month dropdown list
2020-11-08 17:55:38,503 INFO  com.nopcommerce.users.Level_13_Register_Login_Log_Report_HTML - Register - Step 10: select year dropdown list
2020-11-08 17:55:38,849 INFO  com.nopcommerce.users.Level_13_Register_Login_Log_Report_HTML - Register - Step 11: input to email text box with value: Van.Tran578538@gmail.com
2020-11-08 17:55:39,042 INFO  com.nopcommerce.users.Level_13_Register_Login_Log_Report_HTML - Register - Step 12: input to company name text box with value: KITS
2020-11-08 17:55:39,150 INFO  com.nopcommerce.users.Level_13_Register_Login_Log_Report_HTML - Register - Step 13: input to password text box with value: 123?Abcd
2020-11-08 17:55:39,267 INFO  com.nopcommerce.users.Level_13_Register_Login_Log_Report_HTML - Register - Step 14: input to confirm password text box with value: 123?Abcd
2020-11-08 17:55:39,394 INFO  com.nopcommerce.users.Level_13_Register_Login_Log_Report_HTML - Register - Step 15: click to register link
2020-11-08 17:55:41,740 INFO  com.nopcommerce.users.Level_13_Register_Login_Log_Report_HTML - Register - Step 16: verify success message displayed
2020-11-08 17:55:41,823 INFO  com.nopcommerce.users.Level_13_Register_Login_Log_Report_HTML -  -------------------------- PASSED -------------------------- 
2020-11-08 17:55:41,823 INFO  com.nopcommerce.users.Level_13_Register_Login_Log_Report_HTML - Register - Step 17: click to logout link
2020-11-08 17:55:43,567 INFO  com.nopcommerce.users.Level_13_Register_Login_Log_Report_HTML - Login - Step 01: click to login link
2020-11-08 17:55:44,221 INFO  com.nopcommerce.users.Level_13_Register_Login_Log_Report_HTML - Login - Step 02: input to email text box with value: Van.Tran578538@gmail.com
2020-11-08 17:55:44,360 INFO  com.nopcommerce.users.Level_13_Register_Login_Log_Report_HTML - Login - Step 03: input to password text box with value: 123?Abcd
2020-11-08 17:55:44,474 INFO  com.nopcommerce.users.Level_13_Register_Login_Log_Report_HTML - Login - Step 04: click to login link
2020-11-08 17:55:46,081 INFO  com.nopcommerce.users.Level_13_Register_Login_Log_Report_HTML - Login - Step 05: verify my account link displayed
2020-11-08 17:55:46,194 INFO  com.nopcommerce.users.Level_13_Register_Login_Log_Report_HTML -  -------------------------- PASSED -------------------------- 
2020-11-08 17:55:46,194 INFO  com.nopcommerce.users.Level_13_Register_Login_Log_Report_HTML - Login - Step 06: verify logout link display
2020-11-08 17:55:46,285 INFO  com.nopcommerce.users.Level_13_Register_Login_Log_Report_HTML -  -------------------------- PASSED -------------------------- 
2020-11-08 17:55:46,286 INFO  com.nopcommerce.users.Level_13_Register_Login_Log_Report_HTML - Login - Step 07: verify register link undisplayed
2020-11-08 17:55:56,426 INFO  com.nopcommerce.users.Level_13_Register_Login_Log_Report_HTML -  -------------------------- PASSED -------------------------- 
2020-11-08 17:55:56,426 INFO  com.nopcommerce.users.Level_13_Register_Login_Log_Report_HTML - Login - Step 08: verify login link undisplayed
2020-11-08 17:56:06,541 INFO  com.nopcommerce.users.Level_13_Register_Login_Log_Report_HTML -  -------------------------- PASSED -------------------------- 
2020-11-08 17:57:10,822 INFO  com.nopcommerce.users.Level_13_Register_Login_Log_Report_HTML - Register - Step 01: Open home page
2020-11-08 17:57:10,832 INFO  com.nopcommerce.users.Level_13_Register_Login_Log_Report_HTML - Register - Step 01: verify register link displayed
2020-11-08 17:57:11,016 INFO  com.nopcommerce.users.Level_13_Register_Login_Log_Report_HTML -  -------------------------- PASSED -------------------------- 
2020-11-08 17:57:11,019 INFO  com.nopcommerce.users.Level_13_Register_Login_Log_Report_HTML - Register - Step 03: verify login link displayed
2020-11-08 17:57:11,141 INFO  com.nopcommerce.users.Level_13_Register_Login_Log_Report_HTML -  -------------------------- PASSED -------------------------- 
2020-11-08 17:57:11,142 INFO  com.nopcommerce.users.Level_13_Register_Login_Log_Report_HTML - Register - Step 04: Click to register link at home page
2020-11-08 17:57:12,772 INFO  com.nopcommerce.users.Level_13_Register_Login_Log_Report_HTML - Register - Step 05: Click to gender mal radio button
2020-11-08 17:57:13,098 INFO  com.nopcommerce.users.Level_13_Register_Login_Log_Report_HTML - Register - Step 06: input first name text box with value: Van
2020-11-08 17:57:13,278 INFO  com.nopcommerce.users.Level_13_Register_Login_Log_Report_HTML - Register - Step 07: input last name text box with value: Tran
2020-11-08 17:57:13,389 INFO  com.nopcommerce.users.Level_13_Register_Login_Log_Report_HTML - Register - Step 08: select day dropdown list
2020-11-08 17:57:13,733 INFO  com.nopcommerce.users.Level_13_Register_Login_Log_Report_HTML - Register - Step 09: select month dropdown list
2020-11-08 17:57:14,063 INFO  com.nopcommerce.users.Level_13_Register_Login_Log_Report_HTML - Register - Step 10: select year dropdown list
2020-11-08 17:57:14,428 INFO  com.nopcommerce.users.Level_13_Register_Login_Log_Report_HTML - Register - Step 11: input to email text box with value: Van.Tran466309@gmail.com
2020-11-08 17:57:14,566 INFO  com.nopcommerce.users.Level_13_Register_Login_Log_Report_HTML - Register - Step 12: input to company name text box with value: KITS
2020-11-08 17:57:14,677 INFO  com.nopcommerce.users.Level_13_Register_Login_Log_Report_HTML - Register - Step 13: input to password text box with value: 123?Abcd
2020-11-08 17:57:14,785 INFO  com.nopcommerce.users.Level_13_Register_Login_Log_Report_HTML - Register - Step 14: input to confirm password text box with value: 123?Abcd
2020-11-08 17:57:14,895 INFO  com.nopcommerce.users.Level_13_Register_Login_Log_Report_HTML - Register - Step 15: click to register link
2020-11-08 17:57:17,451 INFO  com.nopcommerce.users.Level_13_Register_Login_Log_Report_HTML - Register - Step 16: verify success message displayed
2020-11-08 17:57:17,533 INFO  com.nopcommerce.users.Level_13_Register_Login_Log_Report_HTML -  -------------------------- PASSED -------------------------- 
2020-11-08 17:57:17,533 INFO  com.nopcommerce.users.Level_13_Register_Login_Log_Report_HTML - Register - Step 17: click to logout link
2020-11-08 17:57:19,267 INFO  com.nopcommerce.users.Level_13_Register_Login_Log_Report_HTML - Login - Step 01: click to login link
2020-11-08 17:57:20,547 INFO  com.nopcommerce.users.Level_13_Register_Login_Log_Report_HTML - Login - Step 02: input to email text box with value: Van.Tran466309@gmail.com
2020-11-08 17:57:20,688 INFO  com.nopcommerce.users.Level_13_Register_Login_Log_Report_HTML - Login - Step 03: input to password text box with value: 123?Abcd
2020-11-08 17:57:20,795 INFO  com.nopcommerce.users.Level_13_Register_Login_Log_Report_HTML - Login - Step 04: click to login link
2020-11-08 17:57:21,737 INFO  com.nopcommerce.users.Level_13_Register_Login_Log_Report_HTML - Login - Step 05: verify my account link displayed
2020-11-08 17:57:21,846 INFO  com.nopcommerce.users.Level_13_Register_Login_Log_Report_HTML -  -------------------------- PASSED -------------------------- 
2020-11-08 17:57:21,847 INFO  com.nopcommerce.users.Level_13_Register_Login_Log_Report_HTML - Login - Step 06: verify logout link display
2020-11-08 17:57:21,939 INFO  com.nopcommerce.users.Level_13_Register_Login_Log_Report_HTML -  -------------------------- PASSED -------------------------- 
2020-11-08 17:57:21,939 INFO  com.nopcommerce.users.Level_13_Register_Login_Log_Report_HTML - Login - Step 07: verify register link undisplayed
2020-11-08 17:57:32,083 INFO  com.nopcommerce.users.Level_13_Register_Login_Log_Report_HTML -  -------------------------- PASSED -------------------------- 
2020-11-08 17:57:32,084 INFO  com.nopcommerce.users.Level_13_Register_Login_Log_Report_HTML - Login - Step 08: verify login link undisplayed
2020-11-08 17:57:42,193 INFO  com.nopcommerce.users.Level_13_Register_Login_Log_Report_HTML -  -------------------------- PASSED -------------------------- 
2020-11-08 20:51:45,378 INFO  com.nopcommerce.users.Level_13_Register_Login_Log_Report_HTML - Register - Step 01: Open home page
2020-11-08 20:51:45,428 INFO  com.nopcommerce.users.Level_13_Register_Login_Log_Report_HTML - Register - Step 01: verify register link displayed
2020-11-08 20:51:45,595 INFO  com.nopcommerce.users.Level_13_Register_Login_Log_Report_HTML -  -------------------------- PASSED -------------------------- 
2020-11-08 20:51:45,597 INFO  com.nopcommerce.users.Level_13_Register_Login_Log_Report_HTML - Register - Step 03: verify login link displayed
2020-11-08 20:51:45,688 INFO  com.nopcommerce.users.Level_13_Register_Login_Log_Report_HTML -  -------------------------- PASSED -------------------------- 
2020-11-08 20:51:45,689 INFO  com.nopcommerce.users.Level_13_Register_Login_Log_Report_HTML - Register - Step 04: Click to register link at home page
2020-11-08 20:51:46,555 INFO  com.nopcommerce.users.Level_13_Register_Login_Log_Report_HTML - Register - Step 05: Click to gender mal radio button
2020-11-08 20:51:46,911 INFO  com.nopcommerce.users.Level_13_Register_Login_Log_Report_HTML - Register - Step 06: input first name text box with value: Van
2020-11-08 20:51:47,085 INFO  com.nopcommerce.users.Level_13_Register_Login_Log_Report_HTML - Register - Step 07: input last name text box with value: Tran
2020-11-08 20:51:47,201 INFO  com.nopcommerce.users.Level_13_Register_Login_Log_Report_HTML - Register - Step 08: select day dropdown list
2020-11-08 20:51:47,534 INFO  com.nopcommerce.users.Level_13_Register_Login_Log_Report_HTML - Register - Step 09: select month dropdown list
2020-11-08 20:51:47,863 INFO  com.nopcommerce.users.Level_13_Register_Login_Log_Report_HTML - Register - Step 10: select year dropdown list
2020-11-08 20:51:48,298 INFO  com.nopcommerce.users.Level_13_Register_Login_Log_Report_HTML - Register - Step 11: input to email text box with value: Van.Tran512189@gmail.com
2020-11-08 20:51:48,459 INFO  com.nopcommerce.users.Level_13_Register_Login_Log_Report_HTML - Register - Step 12: input to company name text box with value: KITS
2020-11-08 20:51:48,590 INFO  com.nopcommerce.users.Level_13_Register_Login_Log_Report_HTML - Register - Step 13: input to password text box with value: 123?Abcd
2020-11-08 20:51:48,771 INFO  com.nopcommerce.users.Level_13_Register_Login_Log_Report_HTML - Register - Step 14: input to confirm password text box with value: 123?Abcd
2020-11-08 20:51:48,922 INFO  com.nopcommerce.users.Level_13_Register_Login_Log_Report_HTML - Register - Step 15: click to register link
2020-11-08 20:51:50,703 INFO  com.nopcommerce.users.Level_13_Register_Login_Log_Report_HTML - Register - Step 16: verify success message displayed
2020-11-08 20:51:50,810 INFO  com.nopcommerce.users.Level_13_Register_Login_Log_Report_HTML -  -------------------------- PASSED -------------------------- 
2020-11-08 20:51:50,810 INFO  com.nopcommerce.users.Level_13_Register_Login_Log_Report_HTML - Register - Step 17: click to logout link
2020-11-08 20:51:53,519 INFO  com.nopcommerce.users.Level_13_Register_Login_Log_Report_HTML - Login - Step 01: click to login link
2020-11-08 20:51:54,781 INFO  com.nopcommerce.users.Level_13_Register_Login_Log_Report_HTML - Login - Step 02: input to email text box with value: Van.Tran512189@gmail.com
2020-11-08 20:51:54,945 INFO  com.nopcommerce.users.Level_13_Register_Login_Log_Report_HTML - Login - Step 03: input to password text box with value: 123?Abcd
2020-11-08 20:51:55,084 INFO  com.nopcommerce.users.Level_13_Register_Login_Log_Report_HTML - Login - Step 04: click to login link
2020-11-08 20:51:56,204 INFO  com.nopcommerce.users.Level_13_Register_Login_Log_Report_HTML - Login - Step 05: verify my account link displayed
2020-11-08 20:51:56,315 INFO  com.nopcommerce.users.Level_13_Register_Login_Log_Report_HTML -  -------------------------- PASSED -------------------------- 
2020-11-08 20:51:56,316 INFO  com.nopcommerce.users.Level_13_Register_Login_Log_Report_HTML - Login - Step 06: verify logout link display
2020-11-08 20:51:56,435 INFO  com.nopcommerce.users.Level_13_Register_Login_Log_Report_HTML -  -------------------------- PASSED -------------------------- 
2020-11-08 20:51:56,435 INFO  com.nopcommerce.users.Level_13_Register_Login_Log_Report_HTML - Login - Step 07: verify register link undisplayed
2020-11-08 20:52:06,560 INFO  com.nopcommerce.users.Level_13_Register_Login_Log_Report_HTML -  -------------------------- PASSED -------------------------- 
2020-11-08 20:52:06,560 INFO  com.nopcommerce.users.Level_13_Register_Login_Log_Report_HTML - Login - Step 08: verify login link undisplayed
2020-11-08 20:52:16,677 INFO  com.nopcommerce.users.Level_13_Register_Login_Log_Report_HTML -  -------------------------- PASSED -------------------------- 
2020-11-08 21:22:36,994 INFO  com.nopcommerce.users.Level_13_Register_Login_Log_Report_HTML - Register - Step 01: Open home page
2020-11-08 21:22:37,007 INFO  com.nopcommerce.users.Level_13_Register_Login_Log_Report_HTML - Register - Step 01: verify register link displayed
2020-11-08 21:22:37,190 INFO  com.nopcommerce.users.Level_13_Register_Login_Log_Report_HTML -  -------------------------- PASSED -------------------------- 
2020-11-08 21:22:37,192 INFO  com.nopcommerce.users.Level_13_Register_Login_Log_Report_HTML - Register - Step 03: verify login link displayed
2020-11-08 21:22:37,284 INFO  com.nopcommerce.users.Level_13_Register_Login_Log_Report_HTML -  -------------------------- PASSED -------------------------- 
2020-11-08 21:22:37,284 INFO  com.nopcommerce.users.Level_13_Register_Login_Log_Report_HTML - Register - Step 04: Click to register link at home page
2020-11-08 21:22:39,217 INFO  com.nopcommerce.users.Level_13_Register_Login_Log_Report_HTML - Register - Step 05: Click to gender mal radio button
2020-11-08 21:22:39,578 INFO  com.nopcommerce.users.Level_13_Register_Login_Log_Report_HTML - Register - Step 06: input first name text box with value: Van
2020-11-08 21:22:39,804 INFO  com.nopcommerce.users.Level_13_Register_Login_Log_Report_HTML - Register - Step 07: input last name text box with value: Tran
2020-11-08 21:22:40,030 INFO  com.nopcommerce.users.Level_13_Register_Login_Log_Report_HTML - Register - Step 08: select day dropdown list
2020-11-08 21:22:40,473 INFO  com.nopcommerce.users.Level_13_Register_Login_Log_Report_HTML - Register - Step 09: select month dropdown list
2020-11-08 21:22:40,879 INFO  com.nopcommerce.users.Level_13_Register_Login_Log_Report_HTML - Register - Step 10: select year dropdown list
2020-11-08 21:22:41,286 INFO  com.nopcommerce.users.Level_13_Register_Login_Log_Report_HTML - Register - Step 11: input to email text box with value: Van.Tran996673@gmail.com
2020-11-08 21:22:41,511 INFO  com.nopcommerce.users.Level_13_Register_Login_Log_Report_HTML - Register - Step 12: input to company name text box with value: KITS
2020-11-08 21:22:41,640 INFO  com.nopcommerce.users.Level_13_Register_Login_Log_Report_HTML - Register - Step 13: input to password text box with value: 123?Abcd
2020-11-08 21:22:41,755 INFO  com.nopcommerce.users.Level_13_Register_Login_Log_Report_HTML - Register - Step 14: input to confirm password text box with value: 123?Abcd
2020-11-08 21:22:41,883 INFO  com.nopcommerce.users.Level_13_Register_Login_Log_Report_HTML - Register - Step 15: click to register link
2020-11-08 21:22:44,331 INFO  com.nopcommerce.users.Level_13_Register_Login_Log_Report_HTML - Register - Step 16: verify success message displayed
2020-11-08 21:22:44,442 INFO  com.nopcommerce.users.Level_13_Register_Login_Log_Report_HTML -  -------------------------- PASSED -------------------------- 
2020-11-08 21:22:44,442 INFO  com.nopcommerce.users.Level_13_Register_Login_Log_Report_HTML - Register - Step 17: click to logout link
2020-11-08 21:22:46,859 INFO  com.nopcommerce.users.Level_13_Register_Login_Log_Report_HTML - Login - Step 01: click to login link
2020-11-08 21:22:47,517 INFO  com.nopcommerce.users.Level_13_Register_Login_Log_Report_HTML - Login - Step 02: input to email text box with value: Van.Tran996673@gmail.com
2020-11-08 21:22:47,644 INFO  com.nopcommerce.users.Level_13_Register_Login_Log_Report_HTML - Login - Step 03: input to password text box with value: 123?Abcd
2020-11-08 21:22:47,763 INFO  com.nopcommerce.users.Level_13_Register_Login_Log_Report_HTML - Login - Step 04: click to login link
2020-11-08 21:22:48,874 INFO  com.nopcommerce.users.Level_13_Register_Login_Log_Report_HTML - Login - Step 05: verify my account link displayed
2020-11-08 21:22:48,973 INFO  com.nopcommerce.users.Level_13_Register_Login_Log_Report_HTML -  -------------------------- PASSED -------------------------- 
2020-11-08 21:22:48,973 INFO  com.nopcommerce.users.Level_13_Register_Login_Log_Report_HTML - Login - Step 06: verify logout link display
2020-11-08 21:22:49,068 INFO  com.nopcommerce.users.Level_13_Register_Login_Log_Report_HTML -  -------------------------- PASSED -------------------------- 
2020-11-08 21:22:49,068 INFO  com.nopcommerce.users.Level_13_Register_Login_Log_Report_HTML - Login - Step 07: verify register link undisplayed
2020-11-08 21:22:59,241 INFO  com.nopcommerce.users.Level_13_Register_Login_Log_Report_HTML -  -------------------------- PASSED -------------------------- 
2020-11-08 21:22:59,242 INFO  com.nopcommerce.users.Level_13_Register_Login_Log_Report_HTML - Login - Step 08: verify login link undisplayed
2020-11-08 21:23:09,362 INFO  com.nopcommerce.users.Level_13_Register_Login_Log_Report_HTML -  -------------------------- PASSED -------------------------- 
2020-11-08 21:40:26,609 INFO  com.nopcommerce.users.Level_13_Register_Login_Log_Report_HTML - Register - Step 01: Open home page
2020-11-08 21:40:26,620 INFO  com.nopcommerce.users.Level_13_Register_Login_Log_Report_HTML - Register - Step 01: verify register link displayed
2020-11-08 21:40:26,791 INFO  com.nopcommerce.users.Level_13_Register_Login_Log_Report_HTML -  -------------------------- PASSED -------------------------- 
2020-11-08 21:40:26,794 INFO  com.nopcommerce.users.Level_13_Register_Login_Log_Report_HTML - Register - Step 03: verify login link displayed
2020-11-08 21:40:26,911 INFO  com.nopcommerce.users.Level_13_Register_Login_Log_Report_HTML -  -------------------------- PASSED -------------------------- 
2020-11-08 21:40:26,911 INFO  com.nopcommerce.users.Level_13_Register_Login_Log_Report_HTML - Register - Step 04: Click to register link at home page
2020-11-08 21:40:27,912 INFO  com.nopcommerce.users.Level_13_Register_Login_Log_Report_HTML - Register - Step 05: Click to gender mal radio button
2020-11-08 21:40:28,303 INFO  com.nopcommerce.users.Level_13_Register_Login_Log_Report_HTML - Register - Step 06: input first name text box with value: Van
2020-11-08 21:40:28,529 INFO  com.nopcommerce.users.Level_13_Register_Login_Log_Report_HTML - Register - Step 07: input last name text box with value: Tran
2020-11-08 21:40:28,661 INFO  com.nopcommerce.users.Level_13_Register_Login_Log_Report_HTML - Register - Step 08: select day dropdown list
2020-11-08 21:40:29,090 INFO  com.nopcommerce.users.Level_13_Register_Login_Log_Report_HTML - Register - Step 09: select month dropdown list
2020-11-08 21:40:29,560 INFO  com.nopcommerce.users.Level_13_Register_Login_Log_Report_HTML - Register - Step 10: select year dropdown list
2020-11-08 21:40:29,939 INFO  com.nopcommerce.users.Level_13_Register_Login_Log_Report_HTML - Register - Step 11: input to email text box with value: Van.Tran43451@gmail.com
2020-11-08 21:40:30,201 INFO  com.nopcommerce.users.Level_13_Register_Login_Log_Report_HTML - Register - Step 12: input to company name text box with value: KITS
2020-11-08 21:40:30,336 INFO  com.nopcommerce.users.Level_13_Register_Login_Log_Report_HTML - Register - Step 13: input to password text box with value: 123?Abcd
2020-11-08 21:40:30,479 INFO  com.nopcommerce.users.Level_13_Register_Login_Log_Report_HTML - Register - Step 14: input to confirm password text box with value: 123?Abcd
2020-11-08 21:40:30,602 INFO  com.nopcommerce.users.Level_13_Register_Login_Log_Report_HTML - Register - Step 15: click to register link
2020-11-08 21:40:33,097 INFO  com.nopcommerce.users.Level_13_Register_Login_Log_Report_HTML - Register - Step 16: verify success message displayed
2020-11-08 21:40:33,194 INFO  com.nopcommerce.users.Level_13_Register_Login_Log_Report_HTML -  -------------------------- PASSED -------------------------- 
2020-11-08 21:40:33,194 INFO  com.nopcommerce.users.Level_13_Register_Login_Log_Report_HTML - Register - Step 17: click to logout link
2020-11-08 21:40:35,001 INFO  com.nopcommerce.users.Level_13_Register_Login_Log_Report_HTML - Login - Step 01: click to login link
2020-11-08 21:40:35,749 INFO  com.nopcommerce.users.Level_13_Register_Login_Log_Report_HTML - Login - Step 02: input to email text box with value: Van.Tran43451@gmail.com
2020-11-08 21:40:35,903 INFO  com.nopcommerce.users.Level_13_Register_Login_Log_Report_HTML - Login - Step 03: input to password text box with value: 123?Abcd
2020-11-08 21:40:36,025 INFO  com.nopcommerce.users.Level_13_Register_Login_Log_Report_HTML - Login - Step 04: click to login link
2020-11-08 21:40:38,927 INFO  com.nopcommerce.users.Level_13_Register_Login_Log_Report_HTML - Login - Step 05: verify my account link displayed
2020-11-08 21:40:39,047 INFO  com.nopcommerce.users.Level_13_Register_Login_Log_Report_HTML -  -------------------------- PASSED -------------------------- 
2020-11-08 21:40:39,047 INFO  com.nopcommerce.users.Level_13_Register_Login_Log_Report_HTML - Login - Step 06: verify logout link display
2020-11-08 21:40:39,139 INFO  com.nopcommerce.users.Level_13_Register_Login_Log_Report_HTML -  -------------------------- PASSED -------------------------- 
2020-11-08 21:40:39,139 INFO  com.nopcommerce.users.Level_13_Register_Login_Log_Report_HTML - Login - Step 07: verify register link undisplayed
2020-11-08 21:40:49,299 INFO  com.nopcommerce.users.Level_13_Register_Login_Log_Report_HTML -  -------------------------- PASSED -------------------------- 
2020-11-08 21:40:49,299 INFO  com.nopcommerce.users.Level_13_Register_Login_Log_Report_HTML - Login - Step 08: verify login link undisplayed
2020-11-08 21:40:59,418 INFO  com.nopcommerce.users.Level_13_Register_Login_Log_Report_HTML -  -------------------------- PASSED -------------------------- 
2020-11-08 21:41:49,810 INFO  com.nopcommerce.users.Level_13_Register_Login_Log_Report_HTML - Register - Step 01: Open home page
2020-11-08 21:41:49,827 INFO  com.nopcommerce.users.Level_13_Register_Login_Log_Report_HTML - Register - Step 01: verify register link displayed
2020-11-08 21:41:50,010 INFO  com.nopcommerce.users.Level_13_Register_Login_Log_Report_HTML -  -------------------------- PASSED -------------------------- 
2020-11-08 21:41:50,011 INFO  com.nopcommerce.users.Level_13_Register_Login_Log_Report_HTML - Register - Step 03: verify login link displayed
2020-11-08 21:41:50,104 INFO  com.nopcommerce.users.Level_13_Register_Login_Log_Report_HTML -  -------------------------- PASSED -------------------------- 
2020-11-08 21:41:50,104 INFO  com.nopcommerce.users.Level_13_Register_Login_Log_Report_HTML - Register - Step 04: Click to register link at home page
2020-11-08 21:41:51,882 INFO  com.nopcommerce.users.Level_13_Register_Login_Log_Report_HTML - Register - Step 05: Click to gender mal radio button
2020-11-08 21:41:52,243 INFO  com.nopcommerce.users.Level_13_Register_Login_Log_Report_HTML - Register - Step 06: input first name text box with value: Van
2020-11-08 21:41:52,444 INFO  com.nopcommerce.users.Level_13_Register_Login_Log_Report_HTML - Register - Step 07: input last name text box with value: Tran
2020-11-08 21:41:52,625 INFO  com.nopcommerce.users.Level_13_Register_Login_Log_Report_HTML - Register - Step 08: select day dropdown list
2020-11-08 21:41:53,078 INFO  com.nopcommerce.users.Level_13_Register_Login_Log_Report_HTML - Register - Step 09: select month dropdown list
2020-11-08 21:41:53,454 INFO  com.nopcommerce.users.Level_13_Register_Login_Log_Report_HTML - Register - Step 10: select year dropdown list
2020-11-08 21:41:53,907 INFO  com.nopcommerce.users.Level_13_Register_Login_Log_Report_HTML - Register - Step 11: input to email text box with value: Van.Tran549242@gmail.com
2020-11-08 21:41:54,172 INFO  com.nopcommerce.users.Level_13_Register_Login_Log_Report_HTML - Register - Step 12: input to company name text box with value: KITS
2020-11-08 21:41:54,299 INFO  com.nopcommerce.users.Level_13_Register_Login_Log_Report_HTML - Register - Step 13: input to password text box with value: 123?Abcd
2020-11-08 21:41:54,470 INFO  com.nopcommerce.users.Level_13_Register_Login_Log_Report_HTML - Register - Step 14: input to confirm password text box with value: 123?Abcd
2020-11-08 21:41:54,636 INFO  com.nopcommerce.users.Level_13_Register_Login_Log_Report_HTML - Register - Step 15: click to register link
2020-11-08 21:41:56,503 INFO  com.nopcommerce.users.Level_13_Register_Login_Log_Report_HTML - Register - Step 16: verify success message displayed
2020-11-08 21:41:56,624 INFO  com.nopcommerce.users.Level_13_Register_Login_Log_Report_HTML -  -------------------------- PASSED -------------------------- 
2020-11-08 21:41:56,624 INFO  com.nopcommerce.users.Level_13_Register_Login_Log_Report_HTML - Register - Step 17: click to logout link
2020-11-08 21:41:59,183 INFO  com.nopcommerce.users.Level_13_Register_Login_Log_Report_HTML - Login - Step 01: click to login link
2020-11-08 21:41:59,873 INFO  com.nopcommerce.users.Level_13_Register_Login_Log_Report_HTML - Login - Step 02: input to email text box with value: Van.Tran549242@gmail.com
2020-11-08 21:42:00,024 INFO  com.nopcommerce.users.Level_13_Register_Login_Log_Report_HTML - Login - Step 03: input to password text box with value: 123?Abcd
2020-11-08 21:42:00,155 INFO  com.nopcommerce.users.Level_13_Register_Login_Log_Report_HTML - Login - Step 04: click to login link
2020-11-08 21:42:01,340 INFO  com.nopcommerce.users.Level_13_Register_Login_Log_Report_HTML - Login - Step 05: verify my account link displayed
2020-11-08 21:42:01,482 INFO  com.nopcommerce.users.Level_13_Register_Login_Log_Report_HTML -  -------------------------- PASSED -------------------------- 
2020-11-08 21:42:01,482 INFO  com.nopcommerce.users.Level_13_Register_Login_Log_Report_HTML - Login - Step 06: verify logout link display
2020-11-08 21:42:01,592 INFO  com.nopcommerce.users.Level_13_Register_Login_Log_Report_HTML -  -------------------------- PASSED -------------------------- 
2020-11-08 21:42:01,592 INFO  com.nopcommerce.users.Level_13_Register_Login_Log_Report_HTML - Login - Step 07: verify register link undisplayed
2020-11-08 21:42:11,762 INFO  com.nopcommerce.users.Level_13_Register_Login_Log_Report_HTML -  -------------------------- PASSED -------------------------- 
2020-11-08 21:42:11,764 INFO  com.nopcommerce.users.Level_13_Register_Login_Log_Report_HTML - Login - Step 08: verify login link undisplayed
2020-11-08 21:42:21,872 INFO  com.nopcommerce.users.Level_13_Register_Login_Log_Report_HTML -  -------------------------- PASSED -------------------------- 
2020-11-08 21:47:54,641 INFO  com.nopcommerce.users.Level_13_Register_Login_Log_Report_HTML - Register - Step 01: Open home page
2020-11-08 21:47:54,655 INFO  com.nopcommerce.users.Level_13_Register_Login_Log_Report_HTML - Register - Step 01: verify register link displayed
2020-11-08 21:47:54,810 INFO  com.nopcommerce.users.Level_13_Register_Login_Log_Report_HTML -  -------------------------- PASSED -------------------------- 
2020-11-08 21:47:54,812 INFO  com.nopcommerce.users.Level_13_Register_Login_Log_Report_HTML - Register - Step 03: verify login link displayed
2020-11-08 21:47:54,920 INFO  com.nopcommerce.users.Level_13_Register_Login_Log_Report_HTML -  -------------------------- PASSED -------------------------- 
2020-11-08 21:47:54,920 INFO  com.nopcommerce.users.Level_13_Register_Login_Log_Report_HTML - Register - Step 04: Click to register link at home page
2020-11-08 21:47:56,666 INFO  com.nopcommerce.users.Level_13_Register_Login_Log_Report_HTML - Register - Step 05: Click to gender mal radio button
2020-11-08 21:47:57,030 INFO  com.nopcommerce.users.Level_13_Register_Login_Log_Report_HTML - Register - Step 06: input first name text box with value: Van
2020-11-08 21:47:57,215 INFO  com.nopcommerce.users.Level_13_Register_Login_Log_Report_HTML - Register - Step 07: input last name text box with value: Tran
2020-11-08 21:47:57,358 INFO  com.nopcommerce.users.Level_13_Register_Login_Log_Report_HTML - Register - Step 08: select day dropdown list
2020-11-08 21:47:57,816 INFO  com.nopcommerce.users.Level_13_Register_Login_Log_Report_HTML - Register - Step 09: select month dropdown list
2020-11-08 21:47:58,225 INFO  com.nopcommerce.users.Level_13_Register_Login_Log_Report_HTML - Register - Step 10: select year dropdown list
2020-11-08 21:47:58,590 INFO  com.nopcommerce.users.Level_13_Register_Login_Log_Report_HTML - Register - Step 11: input to email text box with value: Van.Tran483840@gmail.com
2020-11-08 21:47:58,852 INFO  com.nopcommerce.users.Level_13_Register_Login_Log_Report_HTML - Register - Step 12: input to company name text box with value: KITS
2020-11-08 21:47:59,010 INFO  com.nopcommerce.users.Level_13_Register_Login_Log_Report_HTML - Register - Step 13: input to password text box with value: 123?Abcd
2020-11-08 21:47:59,175 INFO  com.nopcommerce.users.Level_13_Register_Login_Log_Report_HTML - Register - Step 14: input to confirm password text box with value: 123?Abcd
2020-11-08 21:47:59,327 INFO  com.nopcommerce.users.Level_13_Register_Login_Log_Report_HTML - Register - Step 15: click to register link
2020-11-08 21:48:02,112 INFO  com.nopcommerce.users.Level_13_Register_Login_Log_Report_HTML - Register - Step 16: verify success message displayed
2020-11-08 21:48:02,257 INFO  com.nopcommerce.users.Level_13_Register_Login_Log_Report_HTML -  -------------------------- PASSED -------------------------- 
2020-11-08 21:48:02,258 INFO  com.nopcommerce.users.Level_13_Register_Login_Log_Report_HTML - Register - Step 17: click to logout link
2020-11-08 21:48:04,857 INFO  com.nopcommerce.users.Level_13_Register_Login_Log_Report_HTML - Login - Step 01: click to login link
2020-11-08 21:48:05,585 INFO  com.nopcommerce.users.Level_13_Register_Login_Log_Report_HTML - Login - Step 02: input to email text box with value: Van.Tran483840@gmail.com
2020-11-08 21:48:05,739 INFO  com.nopcommerce.users.Level_13_Register_Login_Log_Report_HTML - Login - Step 03: input to password text box with value: 123?Abcd
2020-11-08 21:48:05,905 INFO  com.nopcommerce.users.Level_13_Register_Login_Log_Report_HTML - Login - Step 04: click to login link
2020-11-08 21:48:07,030 INFO  com.nopcommerce.users.Level_13_Register_Login_Log_Report_HTML - Login - Step 05: verify my account link displayed
2020-11-08 21:48:07,169 INFO  com.nopcommerce.users.Level_13_Register_Login_Log_Report_HTML -  -------------------------- PASSED -------------------------- 
2020-11-08 21:48:07,169 INFO  com.nopcommerce.users.Level_13_Register_Login_Log_Report_HTML - Login - Step 06: verify logout link display
2020-11-08 21:48:07,267 INFO  com.nopcommerce.users.Level_13_Register_Login_Log_Report_HTML -  -------------------------- PASSED -------------------------- 
2020-11-08 21:48:07,267 INFO  com.nopcommerce.users.Level_13_Register_Login_Log_Report_HTML - Login - Step 07: verify register link undisplayed
2020-11-08 21:48:17,425 INFO  com.nopcommerce.users.Level_13_Register_Login_Log_Report_HTML -  -------------------------- PASSED -------------------------- 
2020-11-08 21:48:17,426 INFO  com.nopcommerce.users.Level_13_Register_Login_Log_Report_HTML - Login - Step 08: verify login link undisplayed
2020-11-08 21:48:27,560 INFO  com.nopcommerce.users.Level_13_Register_Login_Log_Report_HTML -  -------------------------- PASSED -------------------------- 
2020-11-08 21:58:10,692 INFO  com.nopcommerce.users.Level_13_Register_Login_Log_Report_HTML - Register - Step 01: Open home page
2020-11-08 21:58:10,702 INFO  com.nopcommerce.users.Level_13_Register_Login_Log_Report_HTML - Register - Step 01: verify register link displayed
2020-11-08 21:58:10,864 INFO  com.nopcommerce.users.Level_13_Register_Login_Log_Report_HTML -  -------------------------- PASSED -------------------------- 
2020-11-08 21:58:10,866 INFO  com.nopcommerce.users.Level_13_Register_Login_Log_Report_HTML - Register - Step 03: verify login link displayed
2020-11-08 21:58:10,973 INFO  com.nopcommerce.users.Level_13_Register_Login_Log_Report_HTML -  -------------------------- PASSED -------------------------- 
2020-11-08 21:58:10,973 INFO  com.nopcommerce.users.Level_13_Register_Login_Log_Report_HTML - Register - Step 04: Click to register link at home page
2020-11-08 21:58:12,801 INFO  com.nopcommerce.users.Level_13_Register_Login_Log_Report_HTML - Register - Step 05: Click to gender mal radio button
2020-11-08 21:58:13,185 INFO  com.nopcommerce.users.Level_13_Register_Login_Log_Report_HTML - Register - Step 06: input first name text box with value: Van
2020-11-08 21:58:13,443 INFO  com.nopcommerce.users.Level_13_Register_Login_Log_Report_HTML - Register - Step 07: input last name text box with value: Tran
2020-11-08 21:58:13,589 INFO  com.nopcommerce.users.Level_13_Register_Login_Log_Report_HTML - Register - Step 08: select day dropdown list
2020-11-08 21:58:13,979 INFO  com.nopcommerce.users.Level_13_Register_Login_Log_Report_HTML - Register - Step 09: select month dropdown list
2020-11-08 21:58:14,490 INFO  com.nopcommerce.users.Level_13_Register_Login_Log_Report_HTML - Register - Step 10: select year dropdown list
2020-11-08 21:58:14,960 INFO  com.nopcommerce.users.Level_13_Register_Login_Log_Report_HTML - Register - Step 11: input to email text box with value: Van.Tran84764@gmail.com
2020-11-08 21:58:15,143 INFO  com.nopcommerce.users.Level_13_Register_Login_Log_Report_HTML - Register - Step 12: input to company name text box with value: KITS
2020-11-08 21:58:15,281 INFO  com.nopcommerce.users.Level_13_Register_Login_Log_Report_HTML - Register - Step 13: input to password text box with value: 123?Abcd
2020-11-08 21:58:15,408 INFO  com.nopcommerce.users.Level_13_Register_Login_Log_Report_HTML - Register - Step 14: input to confirm password text box with value: 123?Abcd
2020-11-08 21:58:15,517 INFO  com.nopcommerce.users.Level_13_Register_Login_Log_Report_HTML - Register - Step 15: click to register link
2020-11-08 21:58:17,711 INFO  com.nopcommerce.users.Level_13_Register_Login_Log_Report_HTML - Register - Step 16: verify success message displayed
2020-11-08 21:58:17,801 INFO  com.nopcommerce.users.Level_13_Register_Login_Log_Report_HTML -  -------------------------- PASSED -------------------------- 
2020-11-08 21:58:17,801 INFO  com.nopcommerce.users.Level_13_Register_Login_Log_Report_HTML - Register - Step 17: click to logout link
2020-11-08 21:58:19,524 INFO  com.nopcommerce.users.Level_13_Register_Login_Log_Report_HTML - Login - Step 01: click to login link
2020-11-08 21:58:20,241 INFO  com.nopcommerce.users.Level_13_Register_Login_Log_Report_HTML - Login - Step 02: input to email text box with value: Van.Tran84764@gmail.com
2020-11-08 21:58:20,390 INFO  com.nopcommerce.users.Level_13_Register_Login_Log_Report_HTML - Login - Step 03: input to password text box with value: 123?Abcd
2020-11-08 21:58:20,546 INFO  com.nopcommerce.users.Level_13_Register_Login_Log_Report_HTML - Login - Step 04: click to login link
2020-11-08 21:58:21,598 INFO  com.nopcommerce.users.Level_13_Register_Login_Log_Report_HTML - Login - Step 05: verify my account link displayed
2020-11-08 21:58:21,711 INFO  com.nopcommerce.users.Level_13_Register_Login_Log_Report_HTML -  -------------------------- PASSED -------------------------- 
2020-11-08 21:58:21,711 INFO  com.nopcommerce.users.Level_13_Register_Login_Log_Report_HTML - Login - Step 06: verify logout link display
2020-11-08 21:58:21,803 INFO  com.nopcommerce.users.Level_13_Register_Login_Log_Report_HTML -  -------------------------- PASSED -------------------------- 
2020-11-08 21:58:21,803 INFO  com.nopcommerce.users.Level_13_Register_Login_Log_Report_HTML - Login - Step 07: verify register link undisplayed
2020-11-08 21:58:31,969 INFO  com.nopcommerce.users.Level_13_Register_Login_Log_Report_HTML -  -------------------------- PASSED -------------------------- 
2020-11-08 21:58:31,970 INFO  com.nopcommerce.users.Level_13_Register_Login_Log_Report_HTML - Login - Step 08: verify login link undisplayed
2020-11-08 21:58:52,269 INFO  com.nopcommerce.users.Level_13_Register_Login_Log_Report_HTML -  -------------------------- FAILED -------------------------- 
2020-11-08 22:18:19,828 INFO  com.nopcommerce.users.Level_13_Register_Login_Log_Report_HTML - Register - Step 01: Open home page
2020-11-08 22:18:19,830 INFO  com.nopcommerce.users.Level_13_Register_Login_Log_Report_HTML - Register - Step 01: verify register link displayed
2020-11-08 22:18:19,984 INFO  com.nopcommerce.users.Level_13_Register_Login_Log_Report_HTML -  -------------------------- PASSED -------------------------- 
2020-11-08 22:18:19,986 INFO  com.nopcommerce.users.Level_13_Register_Login_Log_Report_HTML - Register - Step 03: verify login link displayed
2020-11-08 22:18:20,078 INFO  com.nopcommerce.users.Level_13_Register_Login_Log_Report_HTML -  -------------------------- PASSED -------------------------- 
2020-11-08 22:18:20,078 INFO  com.nopcommerce.users.Level_13_Register_Login_Log_Report_HTML - Register - Step 04: Click to register link at home page
2020-11-08 22:18:21,958 INFO  com.nopcommerce.users.Level_13_Register_Login_Log_Report_HTML - Register - Step 05: Click to gender mal radio button
2020-11-08 22:18:22,295 INFO  com.nopcommerce.users.Level_13_Register_Login_Log_Report_HTML - Register - Step 06: input first name text box with value: Van
2020-11-08 22:18:22,469 INFO  com.nopcommerce.users.Level_13_Register_Login_Log_Report_HTML - Register - Step 07: input last name text box with value: Tran
2020-11-08 22:18:22,602 INFO  com.nopcommerce.users.Level_13_Register_Login_Log_Report_HTML - Register - Step 08: select day dropdown list
2020-11-08 22:18:22,963 INFO  com.nopcommerce.users.Level_13_Register_Login_Log_Report_HTML - Register - Step 09: select month dropdown list
2020-11-08 22:18:23,375 INFO  com.nopcommerce.users.Level_13_Register_Login_Log_Report_HTML - Register - Step 10: select year dropdown list
2020-11-08 22:18:23,720 INFO  com.nopcommerce.users.Level_13_Register_Login_Log_Report_HTML - Register - Step 11: input to email text box with value: Van.Tran158947@gmail.com
2020-11-08 22:18:23,878 INFO  com.nopcommerce.users.Level_13_Register_Login_Log_Report_HTML - Register - Step 12: input to company name text box with value: KITS
2020-11-08 22:18:24,006 INFO  com.nopcommerce.users.Level_13_Register_Login_Log_Report_HTML - Register - Step 13: input to password text box with value: 123?Abcd
2020-11-08 22:18:24,148 INFO  com.nopcommerce.users.Level_13_Register_Login_Log_Report_HTML - Register - Step 14: input to confirm password text box with value: 123?Abcd
2020-11-08 22:18:24,275 INFO  com.nopcommerce.users.Level_13_Register_Login_Log_Report_HTML - Register - Step 15: click to register link
2020-11-08 22:18:26,265 INFO  com.nopcommerce.users.Level_13_Register_Login_Log_Report_HTML - Register - Step 16: verify success message displayed
2020-11-08 22:18:26,382 INFO  com.nopcommerce.users.Level_13_Register_Login_Log_Report_HTML -  -------------------------- PASSED -------------------------- 
2020-11-08 22:18:26,383 INFO  com.nopcommerce.users.Level_13_Register_Login_Log_Report_HTML - Register - Step 17: click to logout link
2020-11-08 22:18:28,271 INFO  com.nopcommerce.users.Level_13_Register_Login_Log_Report_HTML - Login - Step 01: click to login link
2020-11-08 22:18:29,800 INFO  com.nopcommerce.users.Level_13_Register_Login_Log_Report_HTML - Login - Step 02: input to email text box with value: Van.Tran158947@gmail.com
2020-11-08 22:18:29,954 INFO  com.nopcommerce.users.Level_13_Register_Login_Log_Report_HTML - Login - Step 03: input to password text box with value: 123?Abcd
2020-11-08 22:18:30,089 INFO  com.nopcommerce.users.Level_13_Register_Login_Log_Report_HTML - Login - Step 04: click to login link
2020-11-08 22:18:32,893 INFO  com.nopcommerce.users.Level_13_Register_Login_Log_Report_HTML - Login - Step 05: verify my account link displayed
2020-11-08 22:18:33,041 INFO  com.nopcommerce.users.Level_13_Register_Login_Log_Report_HTML -  -------------------------- PASSED -------------------------- 
2020-11-08 22:18:33,041 INFO  com.nopcommerce.users.Level_13_Register_Login_Log_Report_HTML - Login - Step 06: verify logout link display
2020-11-08 22:18:33,139 INFO  com.nopcommerce.users.Level_13_Register_Login_Log_Report_HTML -  -------------------------- PASSED -------------------------- 
2020-11-08 22:18:33,139 INFO  com.nopcommerce.users.Level_13_Register_Login_Log_Report_HTML - Login - Step 07: verify register link undisplayed
2020-11-08 22:18:43,271 INFO  com.nopcommerce.users.Level_13_Register_Login_Log_Report_HTML -  -------------------------- PASSED -------------------------- 
2020-11-08 22:18:43,272 INFO  com.nopcommerce.users.Level_13_Register_Login_Log_Report_HTML - Login - Step 08: verify login link undisplayed
2020-11-08 22:19:03,519 INFO  com.nopcommerce.users.Level_13_Register_Login_Log_Report_HTML -  -------------------------- FAILED -------------------------- 
2020-11-08 22:19:30,267 INFO  com.nopcommerce.users.Level_13_Register_Login_Log_Report_HTML - Register - Step 01: Open home page
2020-11-08 22:19:30,267 INFO  com.nopcommerce.users.Level_13_Register_Login_Log_Report_HTML - Register - Step 01: verify register link displayed
2020-11-08 22:19:31,078 INFO  com.nopcommerce.users.Level_13_Register_Login_Log_Report_HTML -  -------------------------- PASSED -------------------------- 
2020-11-08 22:19:31,078 INFO  com.nopcommerce.users.Level_13_Register_Login_Log_Report_HTML - Register - Step 03: verify login link displayed
2020-11-08 22:19:31,204 INFO  com.nopcommerce.users.Level_13_Register_Login_Log_Report_HTML -  -------------------------- PASSED -------------------------- 
2020-11-08 22:19:31,204 INFO  com.nopcommerce.users.Level_13_Register_Login_Log_Report_HTML - Register - Step 04: Click to register link at home page
2020-11-08 22:19:33,697 INFO  com.nopcommerce.users.Level_13_Register_Login_Log_Report_HTML - Register - Step 05: Click to gender mal radio button
2020-11-08 22:19:35,062 INFO  com.nopcommerce.users.Level_13_Register_Login_Log_Report_HTML - Register - Step 06: input first name text box with value: Van
2020-11-08 22:19:36,445 INFO  com.nopcommerce.users.Level_13_Register_Login_Log_Report_HTML - Register - Step 07: input last name text box with value: Tran
2020-11-08 22:19:37,906 INFO  com.nopcommerce.users.Level_13_Register_Login_Log_Report_HTML - Register - Step 08: select day dropdown list
2020-11-08 22:19:38,110 INFO  com.nopcommerce.users.Level_13_Register_Login_Log_Report_HTML - Register - Step 09: select month dropdown list
2020-11-08 22:19:38,356 INFO  com.nopcommerce.users.Level_13_Register_Login_Log_Report_HTML - Register - Step 10: select year dropdown list
2020-11-08 22:19:38,561 INFO  com.nopcommerce.users.Level_13_Register_Login_Log_Report_HTML - Register - Step 11: input to email text box with value: Van.Tran254682@gmail.com
2020-11-08 22:19:39,362 INFO  com.nopcommerce.users.Level_13_Register_Login_Log_Report_HTML - Register - Step 12: input to company name text box with value: KITS
2020-11-08 22:19:40,165 INFO  com.nopcommerce.users.Level_13_Register_Login_Log_Report_HTML - Register - Step 13: input to password text box with value: 123?Abcd
2020-11-08 22:19:40,997 INFO  com.nopcommerce.users.Level_13_Register_Login_Log_Report_HTML - Register - Step 14: input to confirm password text box with value: 123?Abcd
2020-11-08 22:19:41,752 INFO  com.nopcommerce.users.Level_13_Register_Login_Log_Report_HTML - Register - Step 15: click to register link
2020-11-08 22:19:44,303 INFO  com.nopcommerce.users.Level_13_Register_Login_Log_Report_HTML - Register - Step 16: verify success message displayed
2020-11-08 22:19:44,397 INFO  com.nopcommerce.users.Level_13_Register_Login_Log_Report_HTML -  -------------------------- PASSED -------------------------- 
2020-11-08 22:19:44,397 INFO  com.nopcommerce.users.Level_13_Register_Login_Log_Report_HTML - Register - Step 17: click to logout link
2020-11-08 22:19:47,812 INFO  com.nopcommerce.users.Level_13_Register_Login_Log_Report_HTML - Login - Step 01: click to login link
2020-11-08 22:19:49,121 INFO  com.nopcommerce.users.Level_13_Register_Login_Log_Report_HTML - Login - Step 02: input to email text box with value: Van.Tran254682@gmail.com
2020-11-08 22:19:49,967 INFO  com.nopcommerce.users.Level_13_Register_Login_Log_Report_HTML - Login - Step 03: input to password text box with value: 123?Abcd
2020-11-08 22:19:50,787 INFO  com.nopcommerce.users.Level_13_Register_Login_Log_Report_HTML - Login - Step 04: click to login link
2020-11-08 22:19:54,374 INFO  com.nopcommerce.users.Level_13_Register_Login_Log_Report_HTML - Login - Step 05: verify my account link displayed
2020-11-08 22:19:54,495 INFO  com.nopcommerce.users.Level_13_Register_Login_Log_Report_HTML -  -------------------------- PASSED -------------------------- 
2020-11-08 22:19:54,495 INFO  com.nopcommerce.users.Level_13_Register_Login_Log_Report_HTML - Login - Step 06: verify logout link display
2020-11-08 22:19:54,617 INFO  com.nopcommerce.users.Level_13_Register_Login_Log_Report_HTML -  -------------------------- PASSED -------------------------- 
2020-11-08 22:19:54,617 INFO  com.nopcommerce.users.Level_13_Register_Login_Log_Report_HTML - Login - Step 07: verify register link undisplayed
2020-11-08 22:20:04,743 INFO  com.nopcommerce.users.Level_13_Register_Login_Log_Report_HTML -  -------------------------- PASSED -------------------------- 
2020-11-08 22:20:04,743 INFO  com.nopcommerce.users.Level_13_Register_Login_Log_Report_HTML - Login - Step 08: verify login link undisplayed
2020-11-08 22:20:25,098 INFO  com.nopcommerce.users.Level_13_Register_Login_Log_Report_HTML -  -------------------------- FAILED -------------------------- 
